  DirectXTexUtil.cpp
C:\Program Files (x86)\Windows Kits\10\Include\10.0.19041.0\um\d3d11.h(4158,17): warning C5219: 'UINT' から 'FLOAT' への暗黙的な変換です。データが失われる可能性があります
C:\Program Files (x86)\Windows Kits\10\Include\10.0.19041.0\um\d3d11.h(4188,18): warning C5219: 'UINT' から 'FLOAT' への暗黙的な変換です。データが失われる可能性があります
C:\Program Files (x86)\Windows Kits\10\Include\10.0.19041.0\um\d3d11.h(4223,18): warning C5219: 'UINT' から 'FLOAT' への暗黙的な変換です。データが失われる可能性があります
C:\Program Files (x86)\Windows Kits\10\Include\10.0.19041.0\um\d3d11.h(4224,19): warning C5219: 'UINT' から 'FLOAT' への暗黙的な変換です。データが失われる可能性があります
C:\Program Files (x86)\Windows Kits\10\Include\10.0.19041.0\um\d3d11.h(4252,18): warning C5219: 'UINT' から 'FLOAT' への暗黙的な変換です。データが失われる可能性があります
C:\Program Files (x86)\Windows Kits\10\Include\10.0.19041.0\um\d3d11.h(4253,19): warning C5219: 'UINT' から 'FLOAT' への暗黙的な変換です。データが失われる可能性があります
  BC.cpp
C:\Users\K019G1576\Desktop\自作ライブラリ\DirectXTex\BC.cpp(433,80): warning C5219: 'int32_t' から 'float' への暗黙的な変換です。データが失われる可能性があります
C:\Users\K019G1576\Desktop\自作ライブラリ\DirectXTex\BC.cpp(434,80): warning C5219: 'int32_t' から 'float' への暗黙的な変換です。データが失われる可能性があります
C:\Users\K019G1576\Desktop\自作ライブラリ\DirectXTex\BC.cpp(435,80): warning C5219: 'int32_t' から 'float' への暗黙的な変換です。データが失われる可能性があります
C:\Users\K019G1576\Desktop\自作ライブラリ\DirectXTex\BC.cpp(921,45): warning C5219: 'size_t' から 'float' への暗黙的な変換です。データが失われる可能性があります
C:\Users\K019G1576\Desktop\自作ライブラリ\DirectXTex\BC.cpp(921,64): warning C5219: 'size_t' から 'float' への暗黙的な変換です。データが失われる可能性があります
C:\Users\K019G1576\Desktop\自作ライブラリ\DirectXTex\BC.cpp(926,45): warning C5219: 'size_t' から 'float' への暗黙的な変換です。データが失われる可能性があります
C:\Users\K019G1576\Desktop\自作ライブラリ\DirectXTex\BC.cpp(926,64): warning C5219: 'size_t' から 'float' への暗黙的な変換です。データが失われる可能性があります
C:\Users\K019G1576\Desktop\自作ライブラリ\DirectXTex\BC.cpp(972,57): warning C5219: 'int32_t' から 'float' への暗黙的な変換です。データが失われる可能性があります
C:\Users\K019G1576\Desktop\自作ライブラリ\DirectXTex\BC.cpp(1065,43): warning C5219: 'size_t' から 'float' への暗黙的な変換です。データが失われる可能性があります
C:\Users\K019G1576\Desktop\自作ライブラリ\DirectXTex\BC.cpp(1065,61): warning C5219: 'size_t' から 'float' への暗黙的な変換です。データが失われる可能性があります
C:\Users\K019G1576\Desktop\自作ライブラリ\DirectXTex\BC.cpp(1081,43): warning C5219: 'size_t' から 'float' への暗黙的な変換です。データが失われる可能性があります
C:\Users\K019G1576\Desktop\自作ライブラリ\DirectXTex\BC.cpp(1081,61): warning C5219: 'size_t' から 'float' への暗黙的な変換です。データが失われる可能性があります
  BC4BC5.cpp
C:\Users\K019G1576\Desktop\自作ライブラリ\DirectXTex\BC4BC5.cpp(58,37): warning C5219: 'size_t' から 'float' への暗黙的な変換です。データが失われる可能性があります
C:\Users\K019G1576\Desktop\自作ライブラリ\DirectXTex\BC4BC5.cpp(58,58): warning C5219: 'size_t' から 'float' への暗黙的な変換です。データが失われる可能性があります
C:\Users\K019G1576\Desktop\自作ライブラリ\DirectXTex\BC4BC5.cpp(67,37): warning C5219: 'size_t' から 'float' への暗黙的な変換です。データが失われる可能性があります
C:\Users\K019G1576\Desktop\自作ライブラリ\DirectXTex\BC4BC5.cpp(67,58): warning C5219: 'size_t' から 'float' への暗黙的な変換です。データが失われる可能性があります
C:\Users\K019G1576\Desktop\自作ライブラリ\DirectXTex\BC4BC5.cpp(117,37): warning C5219: 'size_t' から 'float' への暗黙的な変換です。データが失われる可能性があります
C:\Users\K019G1576\Desktop\自作ライブラリ\DirectXTex\BC4BC5.cpp(117,58): warning C5219: 'size_t' から 'float' への暗黙的な変換です。データが失われる可能性があります
C:\Users\K019G1576\Desktop\自作ライブラリ\DirectXTex\BC4BC5.cpp(126,37): warning C5219: 'size_t' から 'float' への暗黙的な変換です。データが失われる可能性があります
C:\Users\K019G1576\Desktop\自作ライブラリ\DirectXTex\BC4BC5.cpp(126,58): warning C5219: 'size_t' から 'float' への暗黙的な変換です。データが失われる可能性があります
  BC6HBC7.cpp
  BCDirectCompute.cpp
  DirectXTexCompress.cpp
  DirectXTexCompressGPU.cpp
  DirectXTexConvert.cpp
C:\Users\K019G1576\Desktop\自作ライブラリ\DirectXTex\DirectXTexConvert.cpp(1300,27): warning C5219: 'unsigned int' から 'float' への暗黙的な変換です。データが失われる可能性があります
C:\Users\K019G1576\Desktop\自作ライブラリ\DirectXTex\DirectXTexConvert.cpp(1336,27): warning C5219: 'unsigned int' から 'float' への暗黙的な変換です。データが失われる可能性があります
  DirectXTexD3D11.cpp
  DirectXTexD3D12.cpp
C:\Users\K019G1576\Desktop\自作ライブラリ\DirectXTex\d3dx12.h(91,25): warning C5219: 'UINT64' から 'FLOAT' への暗黙的な変換です。データが失われる可能性があります
  DirectXTexDDS.cpp
  DirectXTexFlipRotate.cpp
  DirectXTexHDR.cpp
  DirectXTexImage.cpp
  DirectXTexMipMaps.cpp
C:\Users\K019G1576\Desktop\自作ライブラリ\DirectXTex\DirectXTexMipMaps.cpp(194,31): warning C5219: 'size_t' から 'float' への暗黙的な変換です。データが失われる可能性があります
C:\Users\K019G1576\Desktop\自作ライブラリ\DirectXTex\DirectXTexMipMaps.cpp(194,44): warning C5219: 'size_t' から 'float' への暗黙的な変換です。データが失われる可能性があります
C:\Users\K019G1576\Desktop\自作ライブラリ\DirectXTex\DirectXTexMipMaps.cpp(199,35): warning C5219: 'size_t' から 'float' への暗黙的な変換です。データが失われる可能性があります
C:\Users\K019G1576\Desktop\自作ライブラリ\DirectXTex\DirectXTexMipMaps.cpp(199,48): warning C5219: 'size_t' から 'float' への暗黙的な変換です。データが失われる可能性があります
  DirectXTexMisc.cpp
  DirectXTexNormalMaps.cpp
  DirectXTexPMAlpha.cpp
  DirectXTexResize.cpp
  DirectXTexTGA.cpp
  DirectXTexWIC.cpp
  コードを生成中...
  DirectXTex_Desktop_2017_Win10.vcxproj -> C:\Users\K019G1576\Desktop\自作ライブラリ\DirectXTex\Bin\Desktop_2017_Win10\x64\Debug\DirectXTex.lib
